C51 COMPILER V9.50a   EXTSRAM                                                              05/17/2022 15:14:56 PAGE 1   


C51 COMPILER V9.50a, COMPILATION OF MODULE EXTSRAM
OBJECT MODULE PLACED IN extsram.OBJ
COMPILER INVOKED BY: C:\Keil\C51\BIN\C51.exe extsram.c DB OE CD INCDIR(c:\SiLabs\MCU\Inc) COMPACT

line level    source

   1          #include <c8051F340.h>
   2          
   3          volatile unsigned char xdata extmas[0x1000]                     _at_   0x1000;
   4          
   5          void init_exram(void)
   6          {
   7   1        EMI0CF=0x1B;
   8   1      }
C51 COMPILER V9.50a   EXTSRAM                                                              05/17/2022 15:14:56 PAGE 2   

ASSEMBLY LISTING OF GENERATED OBJECT CODE


             ; FUNCTION init_exram (BEGIN)
                                           ; SOURCE LINE # 5
                                           ; SOURCE LINE # 6
                                           ; SOURCE LINE # 7
0000 75851B            MOV     EMI0CF,#01BH
                                           ; SOURCE LINE # 8
0003 22                RET     
             ; FUNCTION init_exram (END)



MODULE INFORMATION:   STATIC OVERLAYABLE
   CODE SIZE        =      4    ----
   CONSTANT SIZE    =   ----    ----
   XDATA SIZE       =   ----    ----
   PDATA SIZE       =   ----    ----
   DATA SIZE        =   ----    ----
   IDATA SIZE       =   ----    ----
   BIT SIZE         =   ----    ----
END OF MODULE INFORMATION.


C51 COMPILATION COMPLETE.  0 WARNING(S),  0 ERROR(S)
