C51 COMPILER V9.50a   SPI                                                                  05/17/2022 15:14:56 PAGE 1   


C51 COMPILER V9.50a, COMPILATION OF MODULE SPI
OBJECT MODULE PLACED IN spi.OBJ
COMPILER INVOKED BY: C:\Keil\C51\BIN\C51.exe spi.c DB OE CD INCDIR(c:\SiLabs\MCU\Inc) COMPACT

line level    source

   1          //-----------------------------------------------------------------------------
   2          // Includes
   3          //-----------------------------------------------------------------------------
   4          #include <stdio.h>
   5          #include <c8051F340.h>                 // SFR declarations
   6          //#include "global.h"                    // Global CONSTANTS
   7          
   8          sbit SS = P0^3;
   9          //sbit CS = P2^5;
  10          
  11          //-----------------------------------------------------------------------------
  12          // SPI_Init
  13          //-----------------------------------------------------------------------------
  14          void SPI_Init(void)
  15          {
  16   1        SS=1;
  17   1      //  ESPI0 = 1;
  18   1        SPI0CFG = 0x40;
  19   1        SPI0CN  = 0x01;
  20   1        SPI0CKR = 0x12; // SYSCLK = 48 MHz -> f_clk = 48 / 2 / (SPI0CKR + 1) = 6 MHz; //0x79;
  21   1        SPIF = 0;
  22   1      }
  23          
  24          void SPI_MasterTransmit(unsigned char cData)
  25          {
  26   1        SPIF = 0;
  27   1        SPI0DAT = cData;
  28   1        while(!SPIF);
  29   1      }
  30          
  31          unsigned char SPI_MasterReceive(void)
  32          {
  33   1      //while(!SPIF);
  34   1        return SPI0DAT;
  35   1      }
  36          
  37          unsigned short SPI_MasterSend(unsigned char byte1, unsigned char byte2)
  38          {
  39   1       unsigned char dlo, dhi;
  40   1       SS=0;
  41   1       SPI_MasterTransmit(byte1);
  42   1       dhi=SPI_MasterReceive();
  43   1       SPI_MasterTransmit(byte2);
  44   1       dlo=SPI_MasterReceive();
  45   1       SS=1;
  46   1       return (((unsigned short)dlo)|((unsigned short)dhi<<8));
  47   1      }
  48          
  49          //-----------------------------------------------------------------------------
  50          // SPI_ISR: SPI Interrupt Service Routine
  51          //-----------------------------------------------------------------------------
  52          /*void SPI_ISR (void) interrupt INTERRUPT_SPI0
  53          {
  54            SPIF = 0;
  55          }
C51 COMPILER V9.50a   SPI                                                                  05/17/2022 15:14:56 PAGE 2   

  56          */
C51 COMPILER V9.50a   SPI                                                                  05/17/2022 15:14:56 PAGE 3   

ASSEMBLY LISTING OF GENERATED OBJECT CODE


             ; FUNCTION SPI_Init (BEGIN)
                                           ; SOURCE LINE # 14
                                           ; SOURCE LINE # 15
                                           ; SOURCE LINE # 16
0000 D283              SETB    SS
                                           ; SOURCE LINE # 18
0002 75A140            MOV     SPI0CFG,#040H
                                           ; SOURCE LINE # 19
0005 75F801            MOV     SPI0CN,#01H
                                           ; SOURCE LINE # 20
0008 75A212            MOV     SPI0CKR,#012H
                                           ; SOURCE LINE # 21
000B C2FF              CLR     SPIF
                                           ; SOURCE LINE # 22
000D 22                RET     
             ; FUNCTION SPI_Init (END)

             ; FUNCTION _SPI_MasterTransmit (BEGIN)
                                           ; SOURCE LINE # 24
;---- Variable 'cData' assigned to Register 'R7' ----
                                           ; SOURCE LINE # 25
                                           ; SOURCE LINE # 26
0000 C2FF              CLR     SPIF
                                           ; SOURCE LINE # 27
0002 8FA3              MOV     SPI0DAT,R7
0004         ?C0002:
                                           ; SOURCE LINE # 28
0004 30FFFD            JNB     SPIF,?C0002
0007         ?C0003:
                                           ; SOURCE LINE # 29
0007         ?C0004:
0007 22                RET     
             ; FUNCTION _SPI_MasterTransmit (END)

             ; FUNCTION SPI_MasterReceive (BEGIN)
                                           ; SOURCE LINE # 31
                                           ; SOURCE LINE # 32
                                           ; SOURCE LINE # 34
0000 AFA3              MOV     R7,SPI0DAT
                                           ; SOURCE LINE # 35
0002         ?C0005:
0002 22                RET     
             ; FUNCTION SPI_MasterReceive (END)

             ; FUNCTION _SPI_MasterSend (BEGIN)
                                           ; SOURCE LINE # 37
;---- Variable 'byte2' assigned to Register 'R5' ----
;---- Variable 'byte1' assigned to Register 'R7' ----
                                           ; SOURCE LINE # 38
                                           ; SOURCE LINE # 40
0000 C283              CLR     SS
                                           ; SOURCE LINE # 41
0002 120000      R     LCALL   _SPI_MasterTransmit
                                           ; SOURCE LINE # 42
0005 120000      R     LCALL   SPI_MasterReceive
;---- Variable 'dhi' assigned to Register 'R6' ----
0008 AE07              MOV     R6,AR7
                                           ; SOURCE LINE # 43
000A AF05              MOV     R7,AR5
C51 COMPILER V9.50a   SPI                                                                  05/17/2022 15:14:56 PAGE 4   

000C 120000      R     LCALL   _SPI_MasterTransmit
                                           ; SOURCE LINE # 44
000F 120000      R     LCALL   SPI_MasterReceive
;---- Variable 'dlo' assigned to Register 'R5' ----
0012 AD07              MOV     R5,AR7
                                           ; SOURCE LINE # 45
0014 D283              SETB    SS
                                           ; SOURCE LINE # 46
0016 AF06              MOV     R7,AR6
0018 EF                MOV     A,R7
0019 FE                MOV     R6,A
001A ED                MOV     A,R5
001B FF                MOV     R7,A
                                           ; SOURCE LINE # 47
001C         ?C0006:
001C 22                RET     
             ; FUNCTION _SPI_MasterSend (END)



MODULE INFORMATION:   STATIC OVERLAYABLE
   CODE SIZE        =     54    ----
   CONSTANT SIZE    =   ----    ----
   XDATA SIZE       =   ----    ----
   PDATA SIZE       =   ----    ----
   DATA SIZE        =   ----    ----
   IDATA SIZE       =   ----    ----
   BIT SIZE         =   ----    ----
END OF MODULE INFORMATION.


C51 COMPILATION COMPLETE.  0 WARNING(S),  0 ERROR(S)
