
BL51 BANKED LINKER/LOCATER V6.22 - SN: K1DZC-EUZ16C
COPYRIGHT KEIL ELEKTRONIK GmbH 1987 - 2009
"D:\Inc\work\silabs\USB_CDC_485_4.5.2\USB_ISR.obj",
"D:\Inc\work\silabs\USB_CDC_485_4.5.2\USB_Main.obj",
"D:\Inc\work\silabs\USB_CDC_485_4.5.2\USB_Standard_Requests.obj",
"D:\Inc\work\silabs\USB_CDC_485_4.5.2\USB_Descriptor.obj",
"D:\Inc\work\silabs\USB_CDC_485_4.5.2\USB_Class_Requests.obj",
"D:\Inc\work\silabs\USB_CDC_485_4.5.2\USB_CDC_UART.obj",
"D:\Inc\work\silabs\USB_CDC_485_4.5.2\Keil_FIFO_RW.LIB",
"D:\Inc\work\silabs\USB_CDC_485_4.5.2\uart.obj",
"D:\Inc\work\silabs\USB_CDC_485_4.5.2\extsram.obj",
"D:\Inc\work\silabs\USB_CDC_485_4.5.2\spi.obj"  TO "D:\Inc\work\silabs\USB_CDC_485_4.5.2\Keil_USB_CDC_skeleton" RS(256) PL(68) PW(78) 

*** WARNING L16: UNCALLED SEGMENT, IGNORED FOR OVERLAY PROCESS
    SEGMENT: ?PR?_GETKEY?USB_MAIN

*** WARNING L16: UNCALLED SEGMENT, IGNORED FOR OVERLAY PROCESS
    SEGMENT: ?PR?SHOWHELP?USB_MAIN

*** WARNING L16: UNCALLED SEGMENT, IGNORED FOR OVERLAY PROCESS
    SEGMENT: ?PR?_CHECKBIT?USB_MAIN

*** WARNING L16: UNCALLED SEGMENT, IGNORED FOR OVERLAY PROCESS
    SEGMENT: ?PR?_UPDATE_LINE_STATE?USB_CDC_UART

*** WARNING L15: MULTIPLE CALL TO SEGMENT
    SEGMENT: ?PR?_UART0_INIT?UART
    CALLER1: ?PR?INT0_ISR?UART
    CALLER2: ?C_C51STARTUP

*** WARNING L15: MULTIPLE CALL TO SEGMENT
    SEGMENT: ?PR?_UART1_INIT?UART
    CALLER1: ?PR?INT0_ISR?UART
    CALLER2: ?C_C51STARTUP

Program Size: data=30.4 xdata=4365 code=8430
LINK/LOCATE RUN COMPLETE.  6 WARNING(S),  0 ERROR(S)
